<?xml version="1.0" encoding="UTF-8"?>
<!-- Generated by org.testng.reporters.JUnitXMLReporter -->
<testsuite hostname="PRFT-17165" name="Default test(failed)" tests="2" failures="2" timestamp="2 May 2022 19:48:49 GMT" time="10.06" errors="0">
  <testcase name="testTopGames" time="0.06" classname="xboxtestcases.topFiveGames">
    <failure type="java.lang.NullPointerException" message="null value in entry: url=null">
      <![CDATA[java.lang.NullPointerException: null value in entry: url=null
	at com.google.common.collect.CollectPreconditions.checkEntryNotNull(CollectPreconditions.java:34)
	at com.google.common.collect.SingletonImmutableBiMap.<init>(SingletonImmutableBiMap.java:42)
	at com.google.common.collect.ImmutableBiMap.of(ImmutableBiMap.java:73)
	at com.google.common.collect.ImmutableMap.of(ImmutableMap.java:120)
	at org.openqa.selenium.remote.RemoteWebDriver.get(RemoteWebDriver.java:364)
	at org.openqa.selenium.remote.RemoteWebDriver$RemoteNavigation.to(RemoteWebDriver.java:945)
	at org.openqa.selenium.support.events.EventFiringWebDriver$EventFiringNavigation.to(EventFiringWebDriver.java:474)
	at xboxbasepages.XboxSearchGames.open(XboxSearchGames.java:50)
	at xboxtestcases.topFiveGames.testTopGames(topFiveGames.java:32)
... Removed 24 stack frames]]>
    </failure>
  </testcase> <!-- testTopGames -->
  <testcase name="testGamertag" time="0.016" classname="xboxtestcases.xboxtestcases">
    <failure type="java.lang.NullPointerException" message="null value in entry: url=null">
      <![CDATA[java.lang.NullPointerException: null value in entry: url=null
	at com.google.common.collect.CollectPreconditions.checkEntryNotNull(CollectPreconditions.java:34)
	at com.google.common.collect.SingletonImmutableBiMap.<init>(SingletonImmutableBiMap.java:42)
	at com.google.common.collect.ImmutableBiMap.of(ImmutableBiMap.java:73)
	at com.google.common.collect.ImmutableMap.of(ImmutableMap.java:120)
	at org.openqa.selenium.remote.RemoteWebDriver.get(RemoteWebDriver.java:364)
	at org.openqa.selenium.remote.RemoteWebDriver$RemoteNavigation.to(RemoteWebDriver.java:945)
	at org.openqa.selenium.support.events.EventFiringWebDriver$EventFiringNavigation.to(EventFiringWebDriver.java:474)
	at xboxbasepages.XboxLeaderboardPage.open(XboxLeaderboardPage.java:39)
	at xboxtestcases.xboxtestcases.testGamertag(xboxtestcases.java:18)
... Removed 24 stack frames]]>
    </failure>
  </testcase> <!-- testGamertag -->
</testsuite> <!-- Default test(failed) -->
