<?xml version="1.0" encoding="UTF-8"?>
<testng-results skipped="0" failed="0" total="2" passed="2">
  <reporter-output>
  </reporter-output>
  <suite name="Default suite" duration-ms="30302" started-at="2022-05-03T05:29:31Z" finished-at="2022-05-03T05:30:02Z">
    <groups>
    </groups>
    <test name="Default test" duration-ms="30302" started-at="2022-05-03T05:29:31Z" finished-at="2022-05-03T05:30:02Z">
      <class name="xboxtestcases.topFiveGames">
        <test-method status="PASS" signature="setUpBrowser(java.lang.String, java.lang.String, java.lang.String, java.lang.String)[pri:0, instance:xboxtestcases.topFiveGames@6ef888f6]" name="setUpBrowser" is-config="true" duration-ms="1651" started-at="2022-05-03T00:29:31Z" finished-at="2022-05-03T00:29:33Z">
          <params>
            <param index="0">
              <value>
                <![CDATA[chrome]]>
              </value>
            </param>
            <param index="1">
              <value>
                <![CDATA[false]]>
              </value>
            </param>
            <param index="2">
              <value>
                <![CDATA[0]]>
              </value>
            </param>
            <param index="3">
              <value>
                <![CDATA[0]]>
              </value>
            </param>
          </params>
          <reporter-output>
          </reporter-output>
        </test-method> <!-- setUpBrowser -->
        <test-method status="PASS" signature="testTopGames()[pri:0, instance:xboxtestcases.topFiveGames@6ef888f6]" name="testTopGames" duration-ms="6353" started-at="2022-05-03T00:29:33Z" finished-at="2022-05-03T00:29:39Z">
          <reporter-output>
          </reporter-output>
        </test-method> <!-- testTopGames -->
        <test-method status="PASS" signature="tearDown()[pri:0, instance:xboxtestcases.topFiveGames@6ef888f6]" name="tearDown" is-config="true" duration-ms="3032" started-at="2022-05-03T00:29:39Z" finished-at="2022-05-03T00:29:42Z">
          <reporter-output>
          </reporter-output>
        </test-method> <!-- tearDown -->
      </class> <!-- xboxtestcases.topFiveGames -->
      <class name="xboxtestcases.xboxtestcases">
        <test-method status="PASS" signature="setUpBrowser(java.lang.String, java.lang.String, java.lang.String, java.lang.String)[pri:0, instance:xboxtestcases.xboxtestcases@35047d03]" name="setUpBrowser" is-config="true" duration-ms="1370" started-at="2022-05-03T00:29:42Z" finished-at="2022-05-03T00:29:44Z">
          <params>
            <param index="0">
              <value>
                <![CDATA[chrome]]>
              </value>
            </param>
            <param index="1">
              <value>
                <![CDATA[false]]>
              </value>
            </param>
            <param index="2">
              <value>
                <![CDATA[0]]>
              </value>
            </param>
            <param index="3">
              <value>
                <![CDATA[0]]>
              </value>
            </param>
          </params>
          <reporter-output>
          </reporter-output>
        </test-method> <!-- setUpBrowser -->
        <test-method status="PASS" signature="testGamertag()[pri:0, instance:xboxtestcases.xboxtestcases@35047d03]" name="testGamertag" duration-ms="14966" started-at="2022-05-03T00:29:44Z" finished-at="2022-05-03T00:29:59Z">
          <reporter-output>
          </reporter-output>
        </test-method> <!-- testGamertag -->
        <test-method status="PASS" signature="tearDown()[pri:0, instance:xboxtestcases.xboxtestcases@35047d03]" name="tearDown" is-config="true" duration-ms="2917" started-at="2022-05-03T00:29:59Z" finished-at="2022-05-03T00:30:02Z">
          <reporter-output>
          </reporter-output>
        </test-method> <!-- tearDown -->
      </class> <!-- xboxtestcases.xboxtestcases -->
    </test> <!-- Default test -->
  </suite> <!-- Default suite -->
</testng-results>
