<?xml version="1.0" encoding="UTF-8"?>
<testng-results skipped="0" failed="0" total="2" passed="2">
  <reporter-output>
  </reporter-output>
  <suite name="Default suite" duration-ms="40173" started-at="2022-05-03T06:30:05Z" finished-at="2022-05-03T06:30:45Z">
    <groups>
    </groups>
    <test name="Default test" duration-ms="40173" started-at="2022-05-03T06:30:05Z" finished-at="2022-05-03T06:30:45Z">
      <class name="xboxtestcases.topFiveGames">
        <test-method status="PASS" signature="setUpBrowser(java.lang.String, java.lang.String, java.lang.String, java.lang.String)[pri:0, instance:xboxtestcases.topFiveGames@6ef888f6]" name="setUpBrowser" is-config="true" duration-ms="1628" started-at="2022-05-03T01:30:05Z" finished-at="2022-05-03T01:30:07Z">
          <params>
            <param index="0">
              <value>
                <![CDATA[chrome]]>
              </value>
            </param>
            <param index="1">
              <value>
                <![CDATA[false]]>
              </value>
            </param>
            <param index="2">
              <value>
                <![CDATA[0]]>
              </value>
            </param>
            <param index="3">
              <value>
                <![CDATA[0]]>
              </value>
            </param>
          </params>
          <reporter-output>
          </reporter-output>
        </test-method> <!-- setUpBrowser -->
        <test-method status="PASS" signature="testTopGames()[pri:0, instance:xboxtestcases.topFiveGames@6ef888f6]" name="testTopGames" duration-ms="17788" started-at="2022-05-03T01:30:07Z" finished-at="2022-05-03T01:30:24Z">
          <reporter-output>
          </reporter-output>
        </test-method> <!-- testTopGames -->
        <test-method status="PASS" signature="tearDown()[pri:0, instance:xboxtestcases.topFiveGames@6ef888f6]" name="tearDown" is-config="true" duration-ms="3146" started-at="2022-05-03T01:30:24Z" finished-at="2022-05-03T01:30:27Z">
          <reporter-output>
          </reporter-output>
        </test-method> <!-- tearDown -->
      </class> <!-- xboxtestcases.topFiveGames -->
      <class name="xboxtestcases.xboxtestcases">
        <test-method status="PASS" signature="setUpBrowser(java.lang.String, java.lang.String, java.lang.String, java.lang.String)[pri:0, instance:xboxtestcases.xboxtestcases@35047d03]" name="setUpBrowser" is-config="true" duration-ms="1363" started-at="2022-05-03T01:30:27Z" finished-at="2022-05-03T01:30:29Z">
          <params>
            <param index="0">
              <value>
                <![CDATA[chrome]]>
              </value>
            </param>
            <param index="1">
              <value>
                <![CDATA[false]]>
              </value>
            </param>
            <param index="2">
              <value>
                <![CDATA[0]]>
              </value>
            </param>
            <param index="3">
              <value>
                <![CDATA[0]]>
              </value>
            </param>
          </params>
          <reporter-output>
          </reporter-output>
        </test-method> <!-- setUpBrowser -->
        <test-method status="PASS" signature="testGamertag()[pri:0, instance:xboxtestcases.xboxtestcases@35047d03]" name="testGamertag" duration-ms="13278" started-at="2022-05-03T01:30:29Z" finished-at="2022-05-03T01:30:42Z">
          <reporter-output>
          </reporter-output>
        </test-method> <!-- testGamertag -->
        <test-method status="PASS" signature="tearDown()[pri:0, instance:xboxtestcases.xboxtestcases@35047d03]" name="tearDown" is-config="true" duration-ms="2955" started-at="2022-05-03T01:30:42Z" finished-at="2022-05-03T01:30:45Z">
          <reporter-output>
          </reporter-output>
        </test-method> <!-- tearDown -->
      </class> <!-- xboxtestcases.xboxtestcases -->
    </test> <!-- Default test -->
  </suite> <!-- Default suite -->
</testng-results>
